d:\c++\learning\phongopengl\phongopengl\x64\debug\vc143.pdb
d:\c++\learning\phongopengl\phongopengl\x64\debug\vc143.idb
d:\c++\learning\phongopengl\phongopengl\x64\debug\resourcemanager.obj
d:\c++\learning\phongopengl\phongopengl\x64\debug\texture.obj
d:\c++\learning\phongopengl\phongopengl\x64\debug\shader.obj
d:\c++\learning\phongopengl\phongopengl\x64\debug\game.obj
d:\c++\learning\phongopengl\phongopengl\x64\debug\main.obj
d:\c++\learning\phongopengl\phongopengl\x64\debug\spriterenderer.obj
d:\c++\learning\phongopengl\phongopengl\x64\debug\gameobject.obj
d:\c++\learning\phongopengl\phongopengl\x64\debug\gamelevel.obj
d:\c++\learning\phongopengl\phongopengl\x64\debug\ballobject.obj
d:\c++\learning\phongopengl\phongopengl\x64\debug\particle.obj
d:\c++\learning\phongopengl\phongopengl\x64\debug\postprocessor.obj
d:\c++\learning\phongopengl\phongopengl\x64\debug\openall.obj
d:\c++\learning\phongopengl\phongopengl\x64\debug\stb.obj
d:\c++\learning\phongopengl\phongopengl\x64\debug\glad.obj
d:\c++\learning\phongopengl\phongopengl\x64\debug\phongopengl.ilk
d:\c++\learning\phongopengl\x64\debug\phongopengl.pdb
d:\c++\learning\phongopengl\phongopengl\x64\debug\phongopengl.tlog\cl.command.1.tlog
d:\c++\learning\phongopengl\phongopengl\x64\debug\phongopengl.tlog\cl.items.tlog
d:\c++\learning\phongopengl\phongopengl\x64\debug\phongopengl.tlog\cl.read.1.tlog
d:\c++\learning\phongopengl\phongopengl\x64\debug\phongopengl.tlog\cl.write.1.tlog
d:\c++\learning\phongopengl\phongopengl\x64\debug\phongopengl.tlog\link-cvtres.read.1.tlog
d:\c++\learning\phongopengl\phongopengl\x64\debug\phongopengl.tlog\link-cvtres.write.1.tlog
d:\c++\learning\phongopengl\phongopengl\x64\debug\phongopengl.tlog\link-rc.read.1.tlog
d:\c++\learning\phongopengl\phongopengl\x64\debug\phongopengl.tlog\link-rc.write.1.tlog
d:\c++\learning\phongopengl\phongopengl\x64\debug\phongopengl.tlog\link.26948-cvtres.read.1.tlog
d:\c++\learning\phongopengl\phongopengl\x64\debug\phongopengl.tlog\link.26948-cvtres.write.1.tlog
d:\c++\learning\phongopengl\phongopengl\x64\debug\phongopengl.tlog\link.26948-rc.read.1.tlog
d:\c++\learning\phongopengl\phongopengl\x64\debug\phongopengl.tlog\link.26948-rc.write.1.tlog
d:\c++\learning\phongopengl\phongopengl\x64\debug\phongopengl.tlog\link.26948.read.1.tlog
d:\c++\learning\phongopengl\phongopengl\x64\debug\phongopengl.tlog\link.26948.read.2.tlog
d:\c++\learning\phongopengl\phongopengl\x64\debug\phongopengl.tlog\link.26948.read.3.tlog
d:\c++\learning\phongopengl\phongopengl\x64\debug\phongopengl.tlog\link.26948.read.4.tlog
d:\c++\learning\phongopengl\phongopengl\x64\debug\phongopengl.tlog\link.26948.write.1.tlog
d:\c++\learning\phongopengl\phongopengl\x64\debug\phongopengl.tlog\link.command.1.tlog
d:\c++\learning\phongopengl\phongopengl\x64\debug\phongopengl.tlog\link.read.1.tlog
d:\c++\learning\phongopengl\phongopengl\x64\debug\phongopengl.tlog\link.read.2.tlog
d:\c++\learning\phongopengl\phongopengl\x64\debug\phongopengl.tlog\link.read.3.tlog
d:\c++\learning\phongopengl\phongopengl\x64\debug\phongopengl.tlog\link.read.4.tlog
d:\c++\learning\phongopengl\phongopengl\x64\debug\phongopengl.tlog\link.secondary.1.tlog
d:\c++\learning\phongopengl\phongopengl\x64\debug\phongopengl.tlog\link.write.1.tlog
