  stb.cpp
D:\C++\Learning\PhongOpengl\Linking\lib\stb.cpp(2,10): error C1083: Cannot open include file: 'stb/stb_image.h': No such file or directory
  BallObject.cpp
D:\C++\Learning\PhongOpengl\src\BallObject.h(4,10): error C1083: Cannot open include file: 'glad/glad.h': No such file or directory
  (compiling source file 'src/BallObject.cpp')
  
  Game.cpp
D:\C++\Learning\PhongOpengl\src\Game.h(4,10): error C1083: Cannot open include file: 'glad/glad.h': No such file or directory
  (compiling source file 'src/Game.cpp')
  
  gameLevel.cpp
D:\C++\Learning\PhongOpengl\src\gameLevel.h(5,10): error C1083: Cannot open include file: 'glad/glad.h': No such file or directory
  (compiling source file 'src/gameLevel.cpp')
  
  gameobject.cpp
D:\C++\Learning\PhongOpengl\src\gameobject.h(4,10): error C1083: Cannot open include file: 'glad/glad.h': No such file or directory
  (compiling source file 'src/gameobject.cpp')
  
  Shader.cpp
D:\C++\Learning\PhongOpengl\src\graphics\rendering\Shader.h(6,10): error C1083: Cannot open include file: 'glad/glad.h': No such file or directory
  (compiling source file 'src/graphics/rendering/Shader.cpp')
  
  Texture.cpp
D:\C++\Learning\PhongOpengl\src\graphics\rendering\texture.h(4,10): error C1083: Cannot open include file: 'glad/glad.h': No such file or directory
  (compiling source file 'src/graphics/rendering/Texture.cpp')
  
  ResourceManager.cpp
D:\C++\Learning\PhongOpengl\src\graphics\ResourceManager.h(6,10): error C1083: Cannot open include file: 'glad/glad.h': No such file or directory
  (compiling source file 'src/graphics/ResourceManager.cpp')
  
  SpriteRenderer.cpp
D:\C++\Learning\PhongOpengl\src\graphics\SpriteRenderer.h(4,10): error C1083: Cannot open include file: 'glad/glad.h': No such file or directory
  (compiling source file 'src/graphics/SpriteRenderer.cpp')
  
  main.cpp
D:\C++\Learning\PhongOpengl\src\main.cpp(2,10): error C1083: Cannot open include file: 'glad/glad.h': No such file or directory
  OpenAll.cpp
D:\C++\Learning\PhongOpengl\src\OpenAll.h(4,10): error C1083: Cannot open include file: 'OpenAl/al.h': No such file or directory
  (compiling source file 'src/OpenAll.cpp')
  
  Particle.cpp
D:\C++\Learning\PhongOpengl\src\Particle.h(6,10): error C1083: Cannot open include file: 'glm/glm.hpp': No such file or directory
  (compiling source file 'src/Particle.cpp')
  
  postProcessor.cpp
D:\C++\Learning\PhongOpengl\src\postProcessor.h(4,10): error C1083: Cannot open include file: 'glad/glad.h': No such file or directory
  (compiling source file 'src/postProcessor.cpp')
  
